  pch.cpp
  Camera.cpp
  Chunk.cpp
  ConstantBuffer.cpp
  DensityStage.cpp
  MCStage.cpp
  PTG_GPU_DX12.cpp
  RenderState.cpp
  Renderer.cpp
  Scene.cpp
  ShaderReader.cpp
  StructuredVertexBuffer.cpp
  TextureBuffer3D.cpp
  Generating code
  24 of 1557 functions ( 1.5%) were compiled, the rest were copied from previous compilation.
    0 functions were new in current compilation
    3 functions had inline decision re-evaluated but remain unchanged
  Finished generating code
  PTG_GPU_DX12.vcxproj -> C:\Users\mtlat\Documents\Kandidaten\Project\PTG\PTG_GPU_DX12\\bin\x64Release\PTG_GPU_DX12.exe
          1 file(s) copied.
